{
  "stats": {
    "suites": 1,
    "tests": 1,
    "passes": 1,
    "pending": 0,
    "failures": 0,
    "start": "2024-04-21T18:21:10.860Z",
    "end": "2024-04-21T18:21:18.788Z",
    "duration": 7928,
    "testsRegistered": 1,
    "passPercent": 100,
    "pendingPercent": 0,
    "other": 0,
    "hasOther": false,
    "skipped": 0,
    "hasSkipped": false
  },
  "results": [
    {
      "uuid": "9cff8cfd-39c2-4bf1-96b4-4d48cd9abf2b",
      "title": "",
      "fullFile": "cypress\\e2e\\smokeTest\\SmokeScript.spec.cy.js",
      "file": "cypress\\e2e\\smokeTest\\SmokeScript.spec.cy.js",
      "beforeHooks": [],
      "afterHooks": [],
      "tests": [],
      "suites": [
        {
          "uuid": "d67258c1-daac-4519-bc34-722c659e2d7f",
          "title": "Login Functionality",
          "fullFile": "",
          "file": "",
          "beforeHooks": [],
          "afterHooks": [],
          "tests": [
            {
              "title": "Login Test using Conduit",
              "fullTitle": "Login Functionality Login Test using Conduit",
              "timedOut": null,
              "duration": 5330,
              "state": "passed",
              "speed": "medium",
              "pass": true,
              "fail": false,
              "pending": false,
              "context": null,
              "code": "cy.visit('https://react-redux.realworld.io/');\ncy.get('a[href=\"#login\"]').click();\ncy.get('input[type=\"email\"]').type('cypress@automation.co.za');\ncy.get('input[type=\"password\"]').type('test1234Cypress');\ncy.get('button[type=\"submit\"]').click();\ncy.get('a[href=\"#settings\"]').click();\ncy.get('.btn.btn-outline-danger').click();\n// cypressautomation\n// cypress@automation.co.za\n// test1234Cypress",
              "err": {},
              "uuid": "0bc838cf-e22d-42d9-9f4d-d19af7ff2313",
              "parentUUID": "d67258c1-daac-4519-bc34-722c659e2d7f",
              "isHook": false,
              "skipped": false
            }
          ],
          "suites": [],
          "passes": [
            "0bc838cf-e22d-42d9-9f4d-d19af7ff2313"
          ],
          "failures": [],
          "pending": [],
          "skipped": [],
          "duration": 5330,
          "root": false,
          "rootEmpty": false,
          "_timeout": 2000
        }
      ],
      "passes": [],
      "failures": [],
      "pending": [],
      "skipped": [],
      "duration": 0,
      "root": true,
      "rootEmpty": true,
      "_timeout": 2000
    }
  ],
  "meta": {
    "mocha": {
      "version": "7.0.1"
    },
    "mochawesome": {
      "options": {
        "quiet": true,
        "reportFilename": "mochawesome",
        "saveHtml": false,
        "saveJson": true,
        "consoleReporter": "spec",
        "useInlineDiffs": false,
        "code": true
      },
      "version": "7.1.3"
    },
    "marge": {
      "options": {
        "id": "default",
        "reportDir": "cypress/reports/mocha",
        "quiet": true,
        "overwrite": false,
        "html": false,
        "json": true
      },
      "version": "6.2.0"
    }
  }
}