{
  "stats": {
    "suites": 1,
    "tests": 1,
    "passes": 0,
    "pending": 0,
    "failures": 1,
    "start": "2024-04-21T18:21:40.248Z",
    "end": "2024-04-21T18:21:51.760Z",
    "duration": 11512,
    "testsRegistered": 1,
    "passPercent": 0,
    "pendingPercent": 0,
    "other": 0,
    "hasOther": false,
    "skipped": 0,
    "hasSkipped": false
  },
  "results": [
    {
      "uuid": "11f1d995-43b5-4b1c-a263-d5d129b7e713",
      "title": "",
      "fullFile": "cypress\\e2e\\smokeTest\\TC03_CheckBox.spec.cy.js",
      "file": "cypress\\e2e\\smokeTest\\TC03_CheckBox.spec.cy.js",
      "beforeHooks": [],
      "afterHooks": [],
      "tests": [],
      "suites": [
        {
          "uuid": "a9933789-b398-4bd0-8e8f-e7226567b518",
          "title": "Checkbox Functionality",
          "fullFile": "",
          "file": "",
          "beforeHooks": [],
          "afterHooks": [],
          "tests": [
            {
              "title": "Handling different CheckBoxes",
              "fullTitle": "Checkbox Functionality Handling different CheckBoxes",
              "timedOut": null,
              "duration": 8649,
              "state": "failed",
              "speed": null,
              "pass": false,
              "fail": true,
              "pending": false,
              "context": null,
              "code": "cy.visit('https://demos.jquerymobile.com/1.4.5/checkboxradio-checkbox/');\ncy.get('#checkbox-v-2xa').should('not.be.checked').check({\n  force: true\n}).should('be.checked');\ncy.get('#checkbox-v-2b').should('not.be.checked').uncheck({\n  force: true\n}).should('not.be.checked');\ncy.get('#checkbox-v-2c').should('not.be.checked').check({\n  force: true\n}).should('be.checked');\ncy.get('#checkbox-h-2a').should('not.be.checked').check({\n  force: true\n}).should('be.checked');\ncy.get('#checkbox-h-2b').should('not.be.checked').uncheck({\n  force: true\n}).should('not.be.checked');\ncy.get('#checkbox-h-2c').should('not.be.checked').check({\n  force: true\n}).should('be.checked');",
              "err": {
                "message": "AssertionError: Timed out retrying after 4000ms: Expected to find element: `#checkbox-v-2xa`, but never found it.",
                "estack": "AssertionError: Timed out retrying after 4000ms: Expected to find element: `#checkbox-v-2xa`, but never found it.\n    at Context.eval (webpack://cypress-udemy-course/./cypress/e2e/smokeTest/TC03_CheckBox.spec.cy.js:8:34)",
                "diff": null
              },
              "uuid": "c7e90b9a-695f-405c-9ed2-0f13a4dc19ee",
              "parentUUID": "a9933789-b398-4bd0-8e8f-e7226567b518",
              "isHook": false,
              "skipped": false
            }
          ],
          "suites": [],
          "passes": [],
          "failures": [
            "c7e90b9a-695f-405c-9ed2-0f13a4dc19ee"
          ],
          "pending": [],
          "skipped": [],
          "duration": 8649,
          "root": false,
          "rootEmpty": false,
          "_timeout": 2000
        }
      ],
      "passes": [],
      "failures": [],
      "pending": [],
      "skipped": [],
      "duration": 0,
      "root": true,
      "rootEmpty": true,
      "_timeout": 2000
    }
  ],
  "meta": {
    "mocha": {
      "version": "7.0.1"
    },
    "mochawesome": {
      "options": {
        "quiet": true,
        "reportFilename": "mochawesome",
        "saveHtml": false,
        "saveJson": true,
        "consoleReporter": "spec",
        "useInlineDiffs": false,
        "code": true
      },
      "version": "7.1.3"
    },
    "marge": {
      "options": {
        "id": "default",
        "reportDir": "cypress/reports/mocha",
        "quiet": true,
        "overwrite": false,
        "html": false,
        "json": true
      },
      "version": "6.2.0"
    }
  }
}