{
  "stats": {
    "suites": 1,
    "tests": 1,
    "passes": 1,
    "pending": 0,
    "failures": 0,
    "start": "2024-04-21T18:21:21.153Z",
    "end": "2024-04-21T18:21:27.386Z",
    "duration": 6233,
    "testsRegistered": 1,
    "passPercent": 100,
    "pendingPercent": 0,
    "other": 0,
    "hasOther": false,
    "skipped": 0,
    "hasSkipped": false
  },
  "results": [
    {
      "uuid": "aaf94a58-a433-4ea6-a0a0-6c539d0a199e",
      "title": "",
      "fullFile": "cypress\\e2e\\smokeTest\\TC01_FirstScript.spec.cy.js",
      "file": "cypress\\e2e\\smokeTest\\TC01_FirstScript.spec.cy.js",
      "beforeHooks": [],
      "afterHooks": [],
      "tests": [],
      "suites": [
        {
          "uuid": "208de3e2-4651-47d2-bacb-ba26d3e796d8",
          "title": "Login Functionality",
          "fullFile": "",
          "file": "",
          "beforeHooks": [],
          "afterHooks": [],
          "tests": [
            {
              "title": "Login Test using Conduit",
              "fullTitle": "Login Functionality Login Test using Conduit",
              "timedOut": null,
              "duration": 4239,
              "state": "passed",
              "speed": "fast",
              "pass": true,
              "fail": false,
              "pending": false,
              "context": null,
              "code": "cy.visit('https://react-redux.realworld.io/');\ncy.get('a[href=\"#login\"]').click();\ncy.get('input[type=\"email\"]').type('cypress@automation.co.za');\ncy.get('input[type=\"password\"]').type('test1234Cypress');\ncy.get('button[type=\"submit\"]').click();\ncy.get('a[href=\"#settings\"]').click();\ncy.get('.btn.btn-outline-danger').click();",
              "err": {},
              "uuid": "ea59f804-67f8-47ad-ab95-2bd1c39f7620",
              "parentUUID": "208de3e2-4651-47d2-bacb-ba26d3e796d8",
              "isHook": false,
              "skipped": false
            }
          ],
          "suites": [],
          "passes": [
            "ea59f804-67f8-47ad-ab95-2bd1c39f7620"
          ],
          "failures": [],
          "pending": [],
          "skipped": [],
          "duration": 4239,
          "root": false,
          "rootEmpty": false,
          "_timeout": 2000
        }
      ],
      "passes": [],
      "failures": [],
      "pending": [],
      "skipped": [],
      "duration": 0,
      "root": true,
      "rootEmpty": true,
      "_timeout": 2000
    }
  ],
  "meta": {
    "mocha": {
      "version": "7.0.1"
    },
    "mochawesome": {
      "options": {
        "quiet": true,
        "reportFilename": "mochawesome",
        "saveHtml": false,
        "saveJson": true,
        "consoleReporter": "spec",
        "useInlineDiffs": false,
        "code": true
      },
      "version": "7.1.3"
    },
    "marge": {
      "options": {
        "id": "default",
        "reportDir": "cypress/reports/mocha",
        "quiet": true,
        "overwrite": false,
        "html": false,
        "json": true
      },
      "version": "6.2.0"
    }
  }
}