{
  "stats": {
    "suites": 1,
    "tests": 1,
    "passes": 1,
    "pending": 0,
    "failures": 0,
    "start": "2024-04-21T18:21:29.246Z",
    "end": "2024-04-21T18:21:38.252Z",
    "duration": 9006,
    "testsRegistered": 1,
    "passPercent": 100,
    "pendingPercent": 0,
    "other": 0,
    "hasOther": false,
    "skipped": 0,
    "hasSkipped": false
  },
  "results": [
    {
      "uuid": "41bbc212-e0d4-4709-b97f-bf7df5100905",
      "title": "",
      "fullFile": "cypress\\e2e\\smokeTest\\TC02_RadioButton.spec.cy.js",
      "file": "cypress\\e2e\\smokeTest\\TC02_RadioButton.spec.cy.js",
      "beforeHooks": [],
      "afterHooks": [],
      "tests": [],
      "suites": [
        {
          "uuid": "c678e671-3d5e-4173-a79f-2088175b9172",
          "title": "Radio Button Functionality",
          "fullFile": "",
          "file": "",
          "beforeHooks": [],
          "afterHooks": [],
          "tests": [
            {
              "title": "Handling different Radio buttons",
              "fullTitle": "Radio Button Functionality Handling different Radio buttons",
              "timedOut": null,
              "duration": 5132,
              "state": "passed",
              "speed": "medium",
              "pass": true,
              "fail": false,
              "pending": false,
              "context": null,
              "code": "//Basic Radio Button\ncy.visit('https://demos.jquerymobile.com/1.4.5/checkboxradio-radio/');\ncy.get('#radio-choice-0a').should(\"not.be.checked\").click({\n  force: true\n});\ncy.get('#radio-choice-0b').should(\"not.be.checked\").click({\n  force: true\n});\n//the force true is used in case the actioned element is covered/isn't in plain sight\n//Moden Radio Button\ncy.get('#radio-choice-h-2b').should(\"not.be.checked\").click({\n  force: true\n});\ncy.get('#radio-choice-h-2c').should(\"not.be.checked\").click({\n  force: true\n});\n// cypressautomation\n// cypress@automation.co.za\n// test1234Cypress",
              "err": {},
              "uuid": "e83dc181-c54c-4838-b580-0dfda8c1e164",
              "parentUUID": "c678e671-3d5e-4173-a79f-2088175b9172",
              "isHook": false,
              "skipped": false
            }
          ],
          "suites": [],
          "passes": [
            "e83dc181-c54c-4838-b580-0dfda8c1e164"
          ],
          "failures": [],
          "pending": [],
          "skipped": [],
          "duration": 5132,
          "root": false,
          "rootEmpty": false,
          "_timeout": 2000
        }
      ],
      "passes": [],
      "failures": [],
      "pending": [],
      "skipped": [],
      "duration": 0,
      "root": true,
      "rootEmpty": true,
      "_timeout": 2000
    }
  ],
  "meta": {
    "mocha": {
      "version": "7.0.1"
    },
    "mochawesome": {
      "options": {
        "quiet": true,
        "reportFilename": "mochawesome",
        "saveHtml": false,
        "saveJson": true,
        "consoleReporter": "spec",
        "useInlineDiffs": false,
        "code": true
      },
      "version": "7.1.3"
    },
    "marge": {
      "options": {
        "id": "default",
        "reportDir": "cypress/reports/mocha",
        "quiet": true,
        "overwrite": false,
        "html": false,
        "json": true
      },
      "version": "6.2.0"
    }
  }
}